<?xml version="1.0" encoding="UTF-8"?>
<!-- Generated by org.testng.reporters.JUnitXMLReporter -->
<testsuite ignored="0" hostname="MLBBTL-111202" failures="1" tests="1" name="Default test" time="40.071" errors="0" timestamp="2023-11-23T18:34:06 IST">
  <testcase classname="io.cucumber.testng.AbstractTestNGCucumberTests" name="runScenario" time="37.425">
    <failure type="java.lang.NullPointerException" message="Cannot invoke &amp;quot;com.aventstack.extentreports.ExtentTest.fail(com.aventstack.extentreports.markuputils.Markup)&amp;quot; because &amp;quot;extentTest&amp;quot; is null">
      <![CDATA[java.lang.NullPointerException: Cannot invoke "com.aventstack.extentreports.ExtentTest.fail(com.aventstack.extentreports.markuputils.Markup)" because "extentTest" is null
at com.Listeners.ExtentReportListeners.testStepHandle(ExtentReportListeners.java:45)
at com.utils.WebDriverExtension.WaitAndclick(WebDriverExtension.java:44)
at pages.GmailPage.clickOntheLinks(GmailPage.java:28)
at stepDefinitions.login1.user_click_on_link(login1.java:21)
at âœ½.User Click on 'Gmai' link(file:///C:/Users/Administrator/eclipse-workspace/Framework/Features/gmail/test.feature:8)
]]>
    </failure>
  </testcase> <!-- runScenario -->
</testsuite> <!-- Default test -->
